<?xml version="1.0" encoding="UTF-8"?>
<coverage generated="1769841641978" clover="3.2.0">
  <project timestamp="1769841641978" name="All files">
    <metrics statements="19" coveredstatements="19" conditionals="13" coveredconditionals="12" methods="4" coveredmethods="4" elements="36" coveredelements="35" complexity="0" loc="19" ncloc="19" packages="1" files="1" classes="1"/>
    <file name="CombatRules.js" path="C:\Users\kangarion\Documents\TerravexGameServer\battles\CombatRules.js">
      <metrics statements="19" coveredstatements="19" conditionals="13" coveredconditionals="12" methods="4" coveredmethods="4"/>
      <line num="1" count="1" type="stmt"/>
      <line num="7" count="4" type="cond" truecount="4" falsecount="0"/>
      <line num="9" count="1" type="stmt"/>
      <line num="12" count="1" type="stmt"/>
      <line num="15" count="1" type="stmt"/>
      <line num="18" count="1" type="stmt"/>
      <line num="26" count="3" type="stmt"/>
      <line num="30" count="3" type="stmt"/>
      <line num="33" count="3" type="cond" truecount="2" falsecount="0"/>
      <line num="34" count="3" type="cond" truecount="1" falsecount="1"/>
      <line num="37" count="3" type="stmt"/>
      <line num="38" count="3" type="cond" truecount="2" falsecount="0"/>
      <line num="39" count="1" type="stmt"/>
      <line num="42" count="3" type="stmt"/>
      <line num="49" count="2" type="stmt"/>
      <line num="51" count="2" type="cond" truecount="2" falsecount="0"/>
      <line num="52" count="1" type="stmt"/>
      <line num="55" count="2" type="stmt"/>
      <line num="62" count="3" type="stmt"/>
    </file>
  </project>
</coverage>
