{"C:\\Users\\kangarion\\Documents\\TerravexGameServer\\battles\\CombatRules.js": {"path":"C:\\Users\\kangarion\\Documents\\TerravexGameServer\\battles\\CombatRules.js","statementMap":{"0":{"start":{"line":1,"column":28},"end":{"line":64,"column":1}},"1":{"start":{"line":7,"column":8},"end":{"line":19,"column":9}},"2":{"start":{"line":9,"column":16},"end":{"line":9,"column":41}},"3":{"start":{"line":12,"column":16},"end":{"line":12,"column":25}},"4":{"start":{"line":15,"column":16},"end":{"line":15,"column":25}},"5":{"start":{"line":18,"column":16},"end":{"line":18,"column":70}},"6":{"start":{"line":26,"column":21},"end":{"line":26,"column":53}},"7":{"start":{"line":30,"column":12},"end":{"line":31,"column":49}},"8":{"start":{"line":33,"column":8},"end":{"line":33,"column":43}},"9":{"start":{"line":33,"column":28},"end":{"line":33,"column":43}},"10":{"start":{"line":34,"column":8},"end":{"line":34,"column":43}},"11":{"start":{"line":34,"column":28},"end":{"line":34,"column":43}},"12":{"start":{"line":37,"column":22},"end":{"line":37,"column":58}},"13":{"start":{"line":38,"column":8},"end":{"line":40,"column":9}},"14":{"start":{"line":39,"column":12},"end":{"line":39,"column":34}},"15":{"start":{"line":42,"column":8},"end":{"line":42,"column":47}},"16":{"start":{"line":49,"column":21},"end":{"line":49,"column":25}},"17":{"start":{"line":51,"column":8},"end":{"line":53,"column":9}},"18":{"start":{"line":52,"column":12},"end":{"line":52,"column":26}},"19":{"start":{"line":55,"column":8},"end":{"line":55,"column":48}},"20":{"start":{"line":62,"column":8},"end":{"line":62,"column":28}}},"fnMap":{"0":{"name":"(anonymous_0)","decl":{"start":{"line":6,"column":4},"end":{"line":6,"column":5}},"loc":{"start":{"line":6,"column":41},"end":{"line":20,"column":5}},"line":6},"1":{"name":"(anonymous_1)","decl":{"start":{"line":25,"column":4},"end":{"line":25,"column":5}},"loc":{"start":{"line":25,"column":51},"end":{"line":43,"column":5}},"line":25},"2":{"name":"(anonymous_2)","decl":{"start":{"line":48,"column":4},"end":{"line":48,"column":5}},"loc":{"start":{"line":48,"column":54},"end":{"line":56,"column":5}},"line":48},"3":{"name":"(anonymous_3)","decl":{"start":{"line":61,"column":4},"end":{"line":61,"column":5}},"loc":{"start":{"line":61,"column":17},"end":{"line":63,"column":5}},"line":61}},"branchMap":{"0":{"loc":{"start":{"line":6,"column":27},"end":{"line":6,"column":39}},"type":"default-arg","locations":[{"start":{"line":6,"column":37},"end":{"line":6,"column":39}}],"line":6},"1":{"loc":{"start":{"line":7,"column":8},"end":{"line":19,"column":9}},"type":"switch","locations":[{"start":{"line":8,"column":12},"end":{"line":9,"column":41}},{"start":{"line":11,"column":12},"end":{"line":12,"column":25}},{"start":{"line":14,"column":12},"end":{"line":15,"column":25}},{"start":{"line":17,"column":12},"end":{"line":18,"column":70}}],"line":7},"2":{"loc":{"start":{"line":33,"column":8},"end":{"line":33,"column":43}},"type":"if","locations":[{"start":{"line":33,"column":8},"end":{"line":33,"column":43}},{"start":{},"end":{}}],"line":33},"3":{"loc":{"start":{"line":34,"column":8},"end":{"line":34,"column":43}},"type":"if","locations":[{"start":{"line":34,"column":8},"end":{"line":34,"column":43}},{"start":{},"end":{}}],"line":34},"4":{"loc":{"start":{"line":38,"column":8},"end":{"line":40,"column":9}},"type":"if","locations":[{"start":{"line":38,"column":8},"end":{"line":40,"column":9}},{"start":{},"end":{}}],"line":38},"5":{"loc":{"start":{"line":51,"column":8},"end":{"line":53,"column":9}},"type":"if","locations":[{"start":{"line":51,"column":8},"end":{"line":53,"column":9}},{"start":{},"end":{}}],"line":51}},"s":{"0":1,"1":4,"2":1,"3":1,"4":1,"5":1,"6":3,"7":3,"8":3,"9":1,"10":3,"11":0,"12":3,"13":3,"14":1,"15":3,"16":2,"17":2,"18":1,"19":2,"20":3},"f":{"0":4,"1":3,"2":2,"3":3},"b":{"0":[3],"1":[1,1,1,1],"2":[1,2],"3":[0,3],"4":[1,2],"5":[1,1]},"inputSourceMap":null,"_coverageSchema":"1a1c01bbd47fc00a2c39e90264f33305004495a9","hash":"82187c1b697b0811e4d7097d23bae037833a86ae"}
}
