TN:
SF:battles\CombatRules.js
FN:6,(anonymous_0)
FN:25,(anonymous_1)
FN:48,(anonymous_2)
FN:61,(anonymous_3)
FNF:4
FNH:4
FNDA:4,(anonymous_0)
FNDA:3,(anonymous_1)
FNDA:2,(anonymous_2)
FNDA:3,(anonymous_3)
DA:1,1
DA:7,4
DA:9,1
DA:12,1
DA:15,1
DA:18,1
DA:26,3
DA:30,3
DA:33,3
DA:34,3
DA:37,3
DA:38,3
DA:39,1
DA:42,3
DA:49,2
DA:51,2
DA:52,1
DA:55,2
DA:62,3
LF:19
LH:19
BRDA:6,0,0,3
BRDA:7,1,0,1
BRDA:7,1,1,1
BRDA:7,1,2,1
BRDA:7,1,3,1
BRDA:33,2,0,1
BRDA:33,2,1,2
BRDA:34,3,0,0
BRDA:34,3,1,3
BRDA:38,4,0,1
BRDA:38,4,1,2
BRDA:51,5,0,1
BRDA:51,5,1,1
BRF:13
BRH:12
end_of_record
